This is pdfTeX, Version 3.1415926-2.5-1.40.13 (TeX Live 2013/dev) (format=latex 2013.7.23)  25 SEP 2014 08:51
entering extended mode
 \write18 enabled.
 %&-line parsing enabled.
**graphviz.dtx
(./graphviz.dtx
LaTeX2e <2011/06/27>
Babel <v3.8m> and hyphenation patterns for english, dumylang, nohyphenation, lo
aded.
(/usr/share/texlive/texmf-dist/tex/latex/base/ltxdoc.cls
Document Class: ltxdoc 2007/11/11 v2.0u Standard LaTeX documentation class
(/usr/share/texlive/texmf-dist/tex/latex/base/article.cls
Document Class: article 2007/10/19 v1.4h Standard LaTeX document class
(/usr/share/texlive/texmf-dist/tex/latex/base/size10.clo
File: size10.clo 2007/10/19 v1.4h Standard LaTeX file (size option)
)
\c@part=\count79
\c@section=\count80
\c@subsection=\count81
\c@subsubsection=\count82
\c@paragraph=\count83
\c@subparagraph=\count84
\c@figure=\count85
\c@table=\count86
\abovecaptionskip=\skip41
\belowcaptionskip=\skip42
\bibindent=\dimen102
)
(/usr/share/texlive/texmf-dist/tex/latex/base/doc.sty
Package: doc 2010/02/04 v2.1e Standard LaTeX documentation package (FMi)
\c@StandardModuleDepth=\count87
\guard@level=\count88
\MacrocodeTopsep=\skip43
\MacroIndent=\dimen103
\macro@cnt=\count89
\MacroTopsep=\skip44
\index@excludelist=\toks14

(/usr/share/texlive/texmf-dist/tex/latex/tools/multicol.sty
Package: multicol 2011/06/27 v1.7a multicolumn formatting (FMi)
\c@tracingmulticols=\count90
\mult@box=\box26
\multicol@leftmargin=\dimen104
\c@unbalance=\count91
\c@collectmore=\count92
\doublecol@number=\count93
\multicoltolerance=\count94
\multicolpretolerance=\count95
\full@width=\dimen105
\page@free=\dimen106
\premulticols=\dimen107
\postmulticols=\dimen108
\multicolsep=\skip45
\multicolbaselineskip=\skip46
\partial@page=\box27
\last@line=\box28
\mult@rightbox=\box29
\mult@grightbox=\box30
\mult@gfirstbox=\box31
\mult@firstbox=\box32
\@tempa=\box33
\@tempa=\box34
\@tempa=\box35
\@tempa=\box36
\@tempa=\box37
\@tempa=\box38
\@tempa=\box39
\@tempa=\box40
\@tempa=\box41
\@tempa=\box42
\@tempa=\box43
\@tempa=\box44
\@tempa=\box45
\@tempa=\box46
\@tempa=\box47
\@tempa=\box48
\@tempa=\box49
\c@columnbadness=\count96
\c@finalcolumnbadness=\count97
\last@try=\dimen109
\multicolovershoot=\dimen110
\multicolundershoot=\dimen111
\mult@nat@firstbox=\box50
\colbreak@box=\box51
\multicol@sort@counter=\count98
)
\IndexMin=\dimen112
\c@IndexColumns=\count99
\GlossaryMin=\dimen113
\c@GlossaryColumns=\count100
\check@sum=\count101
\bslash@cnt=\count102
\wrong@table=\toks15
\c@CodelineNo=\count103
)) (./graphviz.sty
Package: graphviz 2013/08/15 v0.94 .dtx graphviz file

(/usr/share/texlive/texmf-dist/tex/latex/graphics/graphicx.sty
Package: graphicx 1999/02/16 v1.0f Enhanced LaTeX Graphics (DPC,SPQR)

(/usr/share/texlive/texmf-dist/tex/latex/graphics/keyval.sty
Package: keyval 1999/03/16 v1.13 key=value parser (DPC)
\KV@toks@=\toks16
)
(/usr/share/texlive/texmf-dist/tex/latex/graphics/graphics.sty
Package: graphics 2009/02/05 v1.0o Standard LaTeX Graphics (DPC,SPQR)

(/usr/share/texlive/texmf-dist/tex/latex/graphics/trig.sty
Package: trig 1999/03/16 v1.09 sin cos tan (DPC)
)
(/usr/share/texlive/texmf-dist/tex/latex/latexconfig/graphics.cfg
File: graphics.cfg 2010/04/23 v1.9 graphics configuration of TeX Live
)
Package graphics Info: Driver file: dvips.def on input line 91.

(/usr/share/texlive/texmf-dist/tex/latex/graphics/dvips.def
File: dvips.def 1999/02/16 v3.0i Driver-dependant file (DPC,SPQR)
))
\Gin@req@height=\dimen114
\Gin@req@width=\dimen115
)
(/usr/share/texlive/texmf-dist/tex/latex/psfrag/psfrag.sty
Package: psfrag 1998/04/11 v3.04 PSfrag (MCG)
\pfg@pcount=\count104
\pfg@scount=\count105
\pfg@temp=\write3
))
(/usr/share/texlive/texmf-dist/tex/latex/url/url.sty
\Urlmuskip=\muskip10
Package: url 2006/04/12  ver 3.3  Verb mode for urls, etc.
)
(/usr/share/texlive/texmf-dist/tex/latex/tools/calc.sty
Package: calc 2007/08/22 v4.3 Infix arithmetic (KKT,FJ)
\calc@Acount=\count106
\calc@Bcount=\count107
\calc@Adimen=\dimen116
\calc@Bdimen=\dimen117
\calc@Askip=\skip47
\calc@Bskip=\skip48
LaTeX Info: Redefining \setlength on input line 76.
LaTeX Info: Redefining \addtolength on input line 77.
\calc@Ccount=\count108
\calc@Cskip=\skip49
)
\@indexfile=\write4
\openout4 = `graphviz.idx'.


Writing index file graphviz.idx
\@glossaryfile=\write5
\openout5 = `graphviz.glo'.

Writing glossary file graphviz.glo 
(./graphviz.aux)
\openout1 = `graphviz.aux'.

LaTeX Font Info:    Checking defaults for OML/cmm/m/it on input line 31.
LaTeX Font Info:    ... okay on input line 31.
LaTeX Font Info:    Checking defaults for T1/cmr/m/n on input line 31.
LaTeX Font Info:    ... okay on input line 31.
LaTeX Font Info:    Checking defaults for OT1/cmr/m/n on input line 31.
LaTeX Font Info:    ... okay on input line 31.
LaTeX Font Info:    Checking defaults for OMS/cmsy/m/n on input line 31.
LaTeX Font Info:    ... okay on input line 31.
LaTeX Font Info:    Checking defaults for OMX/cmex/m/n on input line 31.
LaTeX Font Info:    ... okay on input line 31.
LaTeX Font Info:    Checking defaults for U/cmr/m/n on input line 31.
LaTeX Font Info:    ... okay on input line 31.
Package doc Info: Made | a short reference for \verb on input line 31.
 (./graphviz.dtx
***************************
* Character table correct *
***************************
LaTeX Font Info:    External font `cmex10' loaded for size
(Font)              <17.28> on input line 73.
LaTeX Font Info:    External font `cmex10' loaded for size
(Font)              <12> on input line 73.
LaTeX Font Info:    External font `cmex10' loaded for size
(Font)              <8> on input line 73.
LaTeX Font Info:    External font `cmex10' loaded for size
(Font)              <6> on input line 73.
LaTeX Font Info:    External font `cmex10' loaded for size
(Font)              <5> on input line 73.
LaTeX Font Info:    External font `cmex10' loaded for size
(Font)              <7> on input line 80.
LaTeX Font Info:    Try loading font information for OMS+cmr on input line 97.
(/usr/share/texlive/texmf-dist/tex/latex/base/omscmr.fd
File: omscmr.fd 1999/05/25 v2.5h Standard LaTeX font definitions
)
LaTeX Font Info:    Font shape `OMS/cmr/m/n' in size <10> not available
(Font)              Font shape `OMS/cmsy/m/n' tried instead on input line 97.
runsystem(dot -Tps -o abc.ps abc.dot)...executed.

File: abc.ps Graphic file (type eps)
 <abc.ps>
\dotfile=\write6
\openout6 = `abc.dot'.

 [1

runsystem(sed -ibackup -e "s/xshow/pop show/g" abc.ps)...executed.

]
LaTeX Font Info:    External font `cmex10' loaded for size
(Font)              <9> on input line 132.

Overfull \hbox (71.46188pt too wide) in paragraph at lines 192--192
 [][]        \OT1/cmtt/m/n/9 \immediate\write18{gvpr -f \@tmpdir tmpmaster.gvpr
 \@tmpdir tmpmaster.graphviz}% 
 []

[2]
runsystem(dot -Tps -o xy.ps xy.dot)...executed.

File: xy.ps Graphic file (type eps)
 <xy.ps>
\dotfile=\write7
\openout7 = `xy.dot'.

 [3
runsystem(sed -ibackup -e "s/xshow/pop show/g" xy.ps)...executed.

]
Overfull \hbox (7.0265pt too wide) in paragraph at lines 316--322
\OT1/cmr/m/n/10 will be used with 3 pa-ram-e-ters in the form []\OT1/cmtt/m/n/1
0 \digraph[OPTIONS]{FILENAME}{GRAPH}\OT1/cmr/m/n/10 .
 []


Overfull \hbox (0.5877pt too wide) in paragraph at lines 370--370
 [][]  \OT1/cmtt/m/n/9 \gdef\@digraph{\begingroup\catcode`\^^M=\active\def^^M{^
^J}\@@digraph}% 
 []

[4]
Overfull \hbox (137.61111pt too wide) in paragraph at lines 397--397
 [][]        \OT1/cmtt/m/n/9 \immediate\write\mastergvprfile{BEG_G { if ($.name
 == "#2") {writeG($G,"\@tmpdir#2.dot");} }}% 
 []


Overfull \hbox (19.48749pt too wide) in paragraph at lines 397--397
 [][]\OT1/cmtt/m/n/9 % Here comes the closing \endgroup that closes the group o
pened in \@digraph. 
 []


Overfull \hbox (57.28705pt too wide) in paragraph at lines 434--434
 [][]    \OT1/cmtt/m/n/9 \immediate\write18{#3 -T\@outextspace -o \@tmpdir#2.\@
outextspace \@tmpdir#2.dot} 
 []


Overfull \hbox (28.93738pt too wide) in paragraph at lines 434--434
 [][]    \OT1/cmtt/m/n/9 \IfFileExists{\@tmpdir#2.\@outext}{ % the postscript/p
df exists: include it 
 []


Overfull \hbox (5.31265pt too wide) in paragraph at lines 434--434
 [][]                \OT1/cmtt/m/n/9 % per the ladot 2.2 source code, psfrag ha
s a problem with 
 []


Overfull \hbox (33.66232pt too wide) in paragraph at lines 434--434
 [][]                \OT1/cmtt/m/n/9 % graphviz 2.2, and some sed hackery is ne
cessary to work around 
 []


Overfull \hbox (14.76254pt too wide) in paragraph at lines 434--434
 [][]                \OT1/cmtt/m/n/9 \write18{sed -ibackup -e "s/xshow/pop show
/g" \@tmpdir#2.ps} 
 []


Overfull \hbox (33.66232pt too wide) in paragraph at lines 434--434
 [][]        \OT1/cmtt/m/n/9 % else: the postscript/pdf doesn't exist: tell the
 user how to create it 
 []


Overfull \hbox (95.08661pt too wide) in paragraph at lines 434--434
 [][]                \OT1/cmtt/m/n/9 Run `\texttt{dot -T\@outextspace -o \@tmpd
ir#2.\@outextspace \@tmpdir#2.dot}' 
 []

[5]
runsystem(dot -Tps -o process.ps process.dot)...executed.

File: process.ps Graphic file (type eps)
 <process.ps>
\dotfile=\write8
\openout8 = `process.dot'.

 [6
runsystem(sed -ibackup -e "s/xshow/pop show/g" process.ps)...executed.

] (./graphviz.gls
Underfull \hbox (badness 10000) in paragraph at lines 10--11
[]| []\OT1/cmtt/m/n/9 \inputdigraph\OT1/cmr/m/n/9 : mi-nor ad-just- 
 []

)
No file graphviz.ind.
**********************************
* This macro file has no checksum!
* The checksum should be 103!
**********************************
) [7] (./graphviz.aux) ) 
Here is how much of TeX's memory you used:
 1174 strings out of 495064
 14658 string characters out of 3182217
 113798 words of memory out of 3068741
 4361 multiletter control sequences out of 15000+200000
 11958 words of font info for 43 fonts, out of 3100000 for 9000
 14 hyphenation exceptions out of 8191
 32i,8n,25p,244b,340s stack positions out of 5000i,500n,10000p,200000b,50000s

Output written on graphviz.dvi (7 pages, 18716 bytes).
